
                            < M A T L A B (R) >
                  Copyright 1984-2014 The MathWorks, Inc.
                    R2014a (8.3.0.532) 64-bit (glnxa64)
                             February 11, 2014

 
To get started, type one of these: helpwin, helpdesk, or demo.
For product information, visit www.mathworks.com.
 
>> >> >> >> >> >> >> >> >> >> >> >> >> >> 
i =

   100


i =

   200


i =

   300


i =

   400


i =

   500


i =

   600


i =

   700


i =

   800


i =

   900


i =

        1000


i =

        1100


i =

        1200


i =

        1300


i =

        1400


i =

        1500


i =

        1600


i =

        1700


i =

        1800


i =

        1900


i =

        2000


i =

        2100


i =

        2200


i =

        2300


i =

        2400


i =

        2500


i =

        2600


i =

        2700


i =

        2800


i =

        2900


i =

        3000


i =

        3100


i =

        3200


i =

        3300


i =

        3400


i =

        3500


i =

        3600


i =

        3700


i =

        3800


i =

        3900


i =

        4000


i =

        4100


i =

        4200


i =

        4300


i =

        4400


i =

        4500


i =

        4600


i =

        4700


i =

        4800


i =

        4900


i =

        5000


i =

        5100


i =

        5200


i =

        5300


i =

        5400


i =

        5500


i =

        5600


i =

        5700


i =

        5800


i =

        5900


i =

        6000


i =

        6100


i =

        6200


i =

        6300


i =

        6400


i =

        6500


i =

        6600


i =

        6700


i =

        6800


i =

        6900


i =

        7000


i =

        7100


i =

        7200


i =

        7300


i =

        7400


i =

        7500


i =

        7600


i =

        7700


i =

        7800


i =

        7900


i =

        8000


i =

        8100


i =

        8200


i =

        8300


i =

        8400


i =

        8500


i =

        8600


i =

        8700


i =

        8800


i =

        8900


i =

        9000


i =

        9100


i =

        9200


i =

        9300


i =

        9400


i =

        9500


i =

        9600


i =

        9700


i =

        9800


i =

        9900


i =

       10000


i =

       10100


i =

       10200


i =

       10300


i =

       10400


i =

       10500


i =

       10600


i =

       10700


i =

       10800


i =

       10900


i =

       11000


i =

       11100


i =

       11200


i =

       11300


i =

       11400


i =

       11500


i =

       11600


i =

       11700


i =

       11800


i =

       11900


i =

       12000


i =

       12100


i =

       12200


i =

       12300


i =

       12400


i =

       12500


i =

       12600


i =

       12700


i =

       12800


i =

       12900


i =

       13000


i =

       13100


i =

       13200


i =

       13300


i =

       13400


i =

       13500


i =

       13600


i =

       13700


i =

       13800


i =

       13900


i =

       14000


i =

       14100


i =

       14200


i =

       14300


i =

       14400


i =

       14500


i =

       14600


i =

       14700


i =

       14800


i =

       14900


i =

       15000


i =

       15100


i =

       15200


i =

       15300


i =

       15400


i =

       15500


i =

       15600


i =

       15700


i =

       15800


i =

       15900


i =

       16000


i =

       16100


i =

       16200


i =

       16300


i =

       16400


i =

       16500


i =

       16600


i =

       16700


i =

       16800


i =

       16900


i =

       17000


i =

       17100


i =

       17200


i =

       17300


i =

       17400


i =

       17500


i =

       17600


i =

       17700


i =

       17800


i =

       17900


i =

       18000


i =

       18100


i =

       18200


i =

       18300


i =

       18400


i =

       18500


i =

       18600


i =

       18700


i =

       18800


i =

       18900


i =

       19000


i =

       19100


i =

       19200


i =

       19300


i =

       19400


i =

       19500


i =

       19600


i =

       19700


i =

       19800


i =

       19900


i =

       20000

>> 